<?xml version="1.0" encoding="UTF-8"?>
<testsuite name="com.nativebpm.client.models.IncidentRecordTest" tests="9" skipped="0" failures="0" errors="0" timestamp="2026-06-23T05:34:15.182Z" hostname="6332c076f7ae" time="0.006">
  <properties/>
  <testcase name="should test id" classname="com.nativebpm.client.models.IncidentRecordTest" time="0.005"/>
  <testcase name="should test instanceId" classname="com.nativebpm.client.models.IncidentRecordTest" time="0.004"/>
  <testcase name="should test activityId" classname="com.nativebpm.client.models.IncidentRecordTest" time="0.004"/>
  <testcase name="should test errorMessage" classname="com.nativebpm.client.models.IncidentRecordTest" time="0.004"/>
  <testcase name="should test attemptsMade" classname="com.nativebpm.client.models.IncidentRecordTest" time="0.003"/>
  <testcase name="should test resolved" classname="com.nativebpm.client.models.IncidentRecordTest" time="0.002"/>
  <testcase name="should test createdAt" classname="com.nativebpm.client.models.IncidentRecordTest" time="0.001"/>
  <testcase name="should test stackTrace" classname="com.nativebpm.client.models.IncidentRecordTest" time="0.002"/>
  <testcase name="should test resolvedAt" classname="com.nativebpm.client.models.IncidentRecordTest" time="0.001"/>
  <system-out><![CDATA[]]></system-out>
  <system-err><![CDATA[]]></system-err>
</testsuite>
