<?xml version="1.0" encoding="UTF-8"?>
<testsuite name="com.nativebpm.client.models.CompleteInstanceTaskRequestTest" tests="2" skipped="0" failures="0" errors="0" timestamp="2026-06-23T05:34:15.120Z" hostname="6332c076f7ae" time="0.002">
  <properties/>
  <testcase name="should test nodeId" classname="com.nativebpm.client.models.CompleteInstanceTaskRequestTest" time="0.002"/>
  <testcase name="should test variables" classname="com.nativebpm.client.models.CompleteInstanceTaskRequestTest" time="0.001"/>
  <system-out><![CDATA[]]></system-out>
  <system-err><![CDATA[]]></system-err>
</testsuite>
